<?xml version="1.0" encoding="UTF-8"?>
<!-- Generated by org.testng.reporters.JUnitXMLReporter -->
<testsuite hostname="DESKTOP-FCDS32J" ignored="0" name="Test" tests="4" failures="0" timestamp="2022-03-21T14:34:29 EDT" time="20.685" errors="0">
  <testcase name="loginTest" time="6.116" classname="com.travelagilewa.test.Testcases"/>
  <testcase name="userflight" time="3.866" classname="com.travelagilewa.test.Testcases"/>
  <testcase name="userinfo" time="3.752" classname="com.travelagilewa.test.Testcases"/>
  <testcase name="pay" time="3.499" classname="com.travelagilewa.test.Testcases"/>
</testsuite> <!-- Test -->
